[
  {
    "line": 1,
    "elements": [
      {
        "line": 4,
        "name": "User is logged in",
        "description": "",
        "type": "background",
        "keyword": "Background",
        "steps": [
          {
            "result": {
              "duration": 6771790000,
              "status": "passed"
            },
            "line": 5,
            "name": "User goes to the Login page",
            "match": {
              "location": "InvalidCases.user_goes_to_the_Login_page()"
            },
            "keyword": "Given "
          },
          {
            "result": {
              "duration": 17963109700,
              "status": "passed"
            },
            "line": 6,
            "name": "User enters email id and password",
            "match": {
              "location": "InvalidCases.user_enters_email_id_and_password()"
            },
            "keyword": "When "
          },
          {
            "result": {
              "duration": 13324020000,
              "status": "passed"
            },
            "line": 7,
            "name": "User should be logged in and go to the Deals section",
            "match": {
              "location": "InvalidCases.user_should_be_logged_in_and_go_to_the_Deals_section()"
            },
            "keyword": "Then "
          }
        ]
      },
      {
        "line": 16,
        "name": "Invalid data",
        "description": "",
        "id": "invalid-testscases;invalid-data;;2",
        "type": "scenario",
        "keyword": "Scenario Outline",
        "steps": [
          {
            "result": {
              "duration": 252606000,
              "status": "passed"
            },
            "line": 11,
            "name": "User fills invalid values in Abc @ 123",
            "match": {
              "arguments": [
                {
                  "val": "Abc @ 123",
                  "offset": 29
                }
              ],
              "location": "InvalidCases.user_fills_invalid_values_in(String)"
            },
            "matchedColumns": [
              0
            ],
            "keyword": "When "
          },
          {
            "result": {
              "duration": 10078878600,
              "error_message": "org.openqa.selenium.NoSuchElementException: no such element: Unable to locate element: {\"method\":\"xpath\",\"selector\":\"//span[@class\u003d\u0027inline-error-msg\u0027]\"}\n  (Session info: chrome\u003d90.0.4430.93)\nFor documentation on this error, please visit: https://www.seleniumhq.org/exceptions/no_such_element.html\nBuild info: version: \u00273.141.59\u0027, revision: \u0027e82be7d358\u0027, time: \u00272018-11-14T08:25:53\u0027\nSystem info: host: \u0027MONIKA\u0027, ip: \u0027192.168.0.102\u0027, os.name: \u0027Windows 10\u0027, os.arch: \u0027amd64\u0027, os.version: \u002710.0\u0027, java.version: \u002715.0.2\u0027\nDriver info: org.openqa.selenium.chrome.ChromeDriver\nCapabilities {acceptInsecureCerts: false, browserName: chrome, browserVersion: 90.0.4430.93, chrome: {chromedriverVersion: 90.0.4430.24 (4c6d850f087da..., userDataDir: C:\\Users\\monik\\AppData\\Loca...}, goog:chromeOptions: {debuggerAddress: localhost:49354}, javascriptEnabled: true, networkConnectionEnabled: false, pageLoadStrategy: normal, platform: WINDOWS, platformName: WINDOWS, proxy: Proxy(), setWindowRect: true, strictFileInteractability: false, timeouts: {implicit: 0, pageLoad: 300000, script: 30000}, unhandledPromptBehavior: dismiss and notify, webauthn:extension:largeBlob: true, webauthn:virtualAuthenticators: true}\nSession ID: a17cbe58d470654c4650e528d84ffda1\n*** Element info: {Using\u003dxpath, value\u003d//span[@class\u003d\u0027inline-error-msg\u0027]}\r\n\tat java.base/jdk.internal.reflect.NativeConstructorAccessorImpl.newInstance0(Native Method)\r\n\tat java.base/jdk.internal.reflect.NativeConstructorAccessorImpl.newInstance(NativeConstructorAccessorImpl.java:64)\r\n\tat java.base/jdk.internal.reflect.DelegatingConstructorAccessorImpl.newInstance(DelegatingConstructorAccessorImpl.java:45)\r\n\tat java.base/java.lang.reflect.Constructor.newInstanceWithCaller(Constructor.java:500)\r\n\tat java.base/java.lang.reflect.Constructor.newInstance(Constructor.java:481)\r\n\tat org.openqa.selenium.remote.http.W3CHttpResponseCodec.createException(W3CHttpResponseCodec.java:187)\r\n\tat org.openqa.selenium.remote.http.W3CHttpResponseCodec.decode(W3CHttpResponseCodec.java:122)\r\n\tat org.openqa.selenium.remote.http.W3CHttpResponseCodec.decode(W3CHttpResponseCodec.java:49)\r\n\tat org.openqa.selenium.remote.HttpCommandExecutor.execute(HttpCommandExecutor.java:158)\r\n\tat org.openqa.selenium.remote.service.DriverCommandExecutor.execute(DriverCommandExecutor.java:83)\r\n\tat org.openqa.selenium.remote.RemoteWebDriver.execute(RemoteWebDriver.java:552)\r\n\tat org.openqa.selenium.remote.RemoteWebDriver.findElement(RemoteWebDriver.java:323)\r\n\tat org.openqa.selenium.remote.RemoteWebDriver.findElementByXPath(RemoteWebDriver.java:428)\r\n\tat org.openqa.selenium.By$ByXPath.findElement(By.java:353)\r\n\tat org.openqa.selenium.remote.RemoteWebDriver.findElement(RemoteWebDriver.java:315)\r\n\tat org.openqa.selenium.support.pagefactory.DefaultElementLocator.findElement(DefaultElementLocator.java:69)\r\n\tat org.openqa.selenium.support.pagefactory.internal.LocatingElementHandler.invoke(LocatingElementHandler.java:38)\r\n\tat com.sun.proxy.$Proxy22.isDisplayed(Unknown Source)\r\n\tat POM.DealModulePOM.displayerror(DealModulePOM.java:624)\r\n\tat StepDefinition.InvalidCases.new_Deal_should_not_be_created(InvalidCases.java:78)\r\n\tat ✽.Then New Deal should not be created(src/test/resources/Feature/InvalidCases.feature:12)\r\n",
              "status": "failed"
            },
            "line": 12,
            "name": "New Deal should not be created",
            "match": {
              "location": "InvalidCases.new_Deal_should_not_be_created()"
            },
            "keyword": "Then "
          }
        ],
        "tags": [
          {
            "line": 9,
            "name": "@Invalid1"
          }
        ]
      },
      {
        "line": 4,
        "name": "User is logged in",
        "description": "",
        "type": "background",
        "keyword": "Background",
        "steps": [
          {
            "result": {
              "duration": 5609717600,
              "status": "passed"
            },
            "line": 5,
            "name": "User goes to the Login page",
            "match": {
              "location": "InvalidCases.user_goes_to_the_Login_page()"
            },
            "keyword": "Given "
          },
          {
            "result": {
              "duration": 18869743400,
              "status": "passed"
            },
            "line": 6,
            "name": "User enters email id and password",
            "match": {
              "location": "InvalidCases.user_enters_email_id_and_password()"
            },
            "keyword": "When "
          },
          {
            "result": {
              "duration": 13308177800,
              "status": "passed"
            },
            "line": 7,
            "name": "User should be logged in and go to the Deals section",
            "match": {
              "location": "InvalidCases.user_should_be_logged_in_and_go_to_the_Deals_section()"
            },
            "keyword": "Then "
          }
        ]
      },
      {
        "line": 17,
        "name": "Invalid data",
        "description": "",
        "id": "invalid-testscases;invalid-data;;3",
        "type": "scenario",
        "keyword": "Scenario Outline",
        "steps": [
          {
            "result": {
              "duration": 176246500,
              "status": "passed"
            },
            "line": 11,
            "name": "User fills invalid values in 123",
            "match": {
              "arguments": [
                {
                  "val": "123",
                  "offset": 29
                }
              ],
              "location": "InvalidCases.user_fills_invalid_values_in(String)"
            },
            "matchedColumns": [
              0
            ],
            "keyword": "When "
          },
          {
            "result": {
              "duration": 10045103100,
              "error_message": "org.openqa.selenium.NoSuchElementException: no such element: Unable to locate element: {\"method\":\"xpath\",\"selector\":\"//span[@class\u003d\u0027inline-error-msg\u0027]\"}\n  (Session info: chrome\u003d90.0.4430.93)\nFor documentation on this error, please visit: https://www.seleniumhq.org/exceptions/no_such_element.html\nBuild info: version: \u00273.141.59\u0027, revision: \u0027e82be7d358\u0027, time: \u00272018-11-14T08:25:53\u0027\nSystem info: host: \u0027MONIKA\u0027, ip: \u0027192.168.0.102\u0027, os.name: \u0027Windows 10\u0027, os.arch: \u0027amd64\u0027, os.version: \u002710.0\u0027, java.version: \u002715.0.2\u0027\nDriver info: org.openqa.selenium.chrome.ChromeDriver\nCapabilities {acceptInsecureCerts: false, browserName: chrome, browserVersion: 90.0.4430.93, chrome: {chromedriverVersion: 90.0.4430.24 (4c6d850f087da..., userDataDir: C:\\Users\\monik\\AppData\\Loca...}, goog:chromeOptions: {debuggerAddress: localhost:49380}, javascriptEnabled: true, networkConnectionEnabled: false, pageLoadStrategy: normal, platform: WINDOWS, platformName: WINDOWS, proxy: Proxy(), setWindowRect: true, strictFileInteractability: false, timeouts: {implicit: 0, pageLoad: 300000, script: 30000}, unhandledPromptBehavior: dismiss and notify, webauthn:extension:largeBlob: true, webauthn:virtualAuthenticators: true}\nSession ID: fbee0ed81d0849e29ec96d9d3c396259\n*** Element info: {Using\u003dxpath, value\u003d//span[@class\u003d\u0027inline-error-msg\u0027]}\r\n\tat java.base/jdk.internal.reflect.NativeConstructorAccessorImpl.newInstance0(Native Method)\r\n\tat java.base/jdk.internal.reflect.NativeConstructorAccessorImpl.newInstance(NativeConstructorAccessorImpl.java:64)\r\n\tat java.base/jdk.internal.reflect.DelegatingConstructorAccessorImpl.newInstance(DelegatingConstructorAccessorImpl.java:45)\r\n\tat java.base/java.lang.reflect.Constructor.newInstanceWithCaller(Constructor.java:500)\r\n\tat java.base/java.lang.reflect.Constructor.newInstance(Constructor.java:481)\r\n\tat org.openqa.selenium.remote.http.W3CHttpResponseCodec.createException(W3CHttpResponseCodec.java:187)\r\n\tat org.openqa.selenium.remote.http.W3CHttpResponseCodec.decode(W3CHttpResponseCodec.java:122)\r\n\tat org.openqa.selenium.remote.http.W3CHttpResponseCodec.decode(W3CHttpResponseCodec.java:49)\r\n\tat org.openqa.selenium.remote.HttpCommandExecutor.execute(HttpCommandExecutor.java:158)\r\n\tat org.openqa.selenium.remote.service.DriverCommandExecutor.execute(DriverCommandExecutor.java:83)\r\n\tat org.openqa.selenium.remote.RemoteWebDriver.execute(RemoteWebDriver.java:552)\r\n\tat org.openqa.selenium.remote.RemoteWebDriver.findElement(RemoteWebDriver.java:323)\r\n\tat org.openqa.selenium.remote.RemoteWebDriver.findElementByXPath(RemoteWebDriver.java:428)\r\n\tat org.openqa.selenium.By$ByXPath.findElement(By.java:353)\r\n\tat org.openqa.selenium.remote.RemoteWebDriver.findElement(RemoteWebDriver.java:315)\r\n\tat org.openqa.selenium.support.pagefactory.DefaultElementLocator.findElement(DefaultElementLocator.java:69)\r\n\tat org.openqa.selenium.support.pagefactory.internal.LocatingElementHandler.invoke(LocatingElementHandler.java:38)\r\n\tat com.sun.proxy.$Proxy22.isDisplayed(Unknown Source)\r\n\tat POM.DealModulePOM.displayerror(DealModulePOM.java:624)\r\n\tat StepDefinition.InvalidCases.new_Deal_should_not_be_created(InvalidCases.java:78)\r\n\tat ✽.Then New Deal should not be created(src/test/resources/Feature/InvalidCases.feature:12)\r\n",
              "status": "failed"
            },
            "line": 12,
            "name": "New Deal should not be created",
            "match": {
              "location": "InvalidCases.new_Deal_should_not_be_created()"
            },
            "keyword": "Then "
          }
        ],
        "tags": [
          {
            "line": 9,
            "name": "@Invalid1"
          }
        ]
      },
      {
        "line": 4,
        "name": "User is logged in",
        "description": "",
        "type": "background",
        "keyword": "Background",
        "steps": [
          {
            "result": {
              "duration": 5538805900,
              "status": "passed"
            },
            "line": 5,
            "name": "User goes to the Login page",
            "match": {
              "location": "InvalidCases.user_goes_to_the_Login_page()"
            },
            "keyword": "Given "
          },
          {
            "result": {
              "duration": 18429860800,
              "status": "passed"
            },
            "line": 6,
            "name": "User enters email id and password",
            "match": {
              "location": "InvalidCases.user_enters_email_id_and_password()"
            },
            "keyword": "When "
          },
          {
            "result": {
              "duration": 13286906500,
              "status": "passed"
            },
            "line": 7,
            "name": "User should be logged in and go to the Deals section",
            "match": {
              "location": "InvalidCases.user_should_be_logged_in_and_go_to_the_Deals_section()"
            },
            "keyword": "Then "
          }
        ]
      },
      {
        "line": 27,
        "name": "Invalid data",
        "description": "",
        "id": "invalid-testscases;invalid-data;;2",
        "type": "scenario",
        "keyword": "Scenario Outline",
        "steps": [
          {
            "result": {
              "duration": 425385600,
              "status": "passed"
            },
            "line": 22,
            "name": "user fills invalid values in the Capgeminiiiiiiiiiiiiiiiiiiiiiiiiiiiiiiiiiiiiiiiiiiiiiiiiiiiiii",
            "match": {
              "arguments": [
                {
                  "val": "Capgeminiiiiiiiiiiiiiiiiiiiiiiiiiiiiiiiiiiiiiiiiiiiiiiiiiiiiii",
                  "offset": 33
                }
              ],
              "location": "InvalidCases.user_fills_invalid_values_in_the(String)"
            },
            "matchedColumns": [
              0
            ],
            "keyword": "When "
          },
          {
            "result": {
              "duration": 10031825000,
              "error_message": "org.openqa.selenium.NoSuchElementException: no such element: Unable to locate element: {\"method\":\"xpath\",\"selector\":\"//span[@class\u003d\u0027inline-error-msg\u0027]\"}\n  (Session info: chrome\u003d90.0.4430.93)\nFor documentation on this error, please visit: https://www.seleniumhq.org/exceptions/no_such_element.html\nBuild info: version: \u00273.141.59\u0027, revision: \u0027e82be7d358\u0027, time: \u00272018-11-14T08:25:53\u0027\nSystem info: host: \u0027MONIKA\u0027, ip: \u0027192.168.0.102\u0027, os.name: \u0027Windows 10\u0027, os.arch: \u0027amd64\u0027, os.version: \u002710.0\u0027, java.version: \u002715.0.2\u0027\nDriver info: org.openqa.selenium.chrome.ChromeDriver\nCapabilities {acceptInsecureCerts: false, browserName: chrome, browserVersion: 90.0.4430.93, chrome: {chromedriverVersion: 90.0.4430.24 (4c6d850f087da..., userDataDir: C:\\Users\\monik\\AppData\\Loca...}, goog:chromeOptions: {debuggerAddress: localhost:49419}, javascriptEnabled: true, networkConnectionEnabled: false, pageLoadStrategy: normal, platform: WINDOWS, platformName: WINDOWS, proxy: Proxy(), setWindowRect: true, strictFileInteractability: false, timeouts: {implicit: 0, pageLoad: 300000, script: 30000}, unhandledPromptBehavior: dismiss and notify, webauthn:extension:largeBlob: true, webauthn:virtualAuthenticators: true}\nSession ID: 4fa9913301f00a8bd184de326161fafc\n*** Element info: {Using\u003dxpath, value\u003d//span[@class\u003d\u0027inline-error-msg\u0027]}\r\n\tat java.base/jdk.internal.reflect.NativeConstructorAccessorImpl.newInstance0(Native Method)\r\n\tat java.base/jdk.internal.reflect.NativeConstructorAccessorImpl.newInstance(NativeConstructorAccessorImpl.java:64)\r\n\tat java.base/jdk.internal.reflect.DelegatingConstructorAccessorImpl.newInstance(DelegatingConstructorAccessorImpl.java:45)\r\n\tat java.base/java.lang.reflect.Constructor.newInstanceWithCaller(Constructor.java:500)\r\n\tat java.base/java.lang.reflect.Constructor.newInstance(Constructor.java:481)\r\n\tat org.openqa.selenium.remote.http.W3CHttpResponseCodec.createException(W3CHttpResponseCodec.java:187)\r\n\tat org.openqa.selenium.remote.http.W3CHttpResponseCodec.decode(W3CHttpResponseCodec.java:122)\r\n\tat org.openqa.selenium.remote.http.W3CHttpResponseCodec.decode(W3CHttpResponseCodec.java:49)\r\n\tat org.openqa.selenium.remote.HttpCommandExecutor.execute(HttpCommandExecutor.java:158)\r\n\tat org.openqa.selenium.remote.service.DriverCommandExecutor.execute(DriverCommandExecutor.java:83)\r\n\tat org.openqa.selenium.remote.RemoteWebDriver.execute(RemoteWebDriver.java:552)\r\n\tat org.openqa.selenium.remote.RemoteWebDriver.findElement(RemoteWebDriver.java:323)\r\n\tat org.openqa.selenium.remote.RemoteWebDriver.findElementByXPath(RemoteWebDriver.java:428)\r\n\tat org.openqa.selenium.By$ByXPath.findElement(By.java:353)\r\n\tat org.openqa.selenium.remote.RemoteWebDriver.findElement(RemoteWebDriver.java:315)\r\n\tat org.openqa.selenium.support.pagefactory.DefaultElementLocator.findElement(DefaultElementLocator.java:69)\r\n\tat org.openqa.selenium.support.pagefactory.internal.LocatingElementHandler.invoke(LocatingElementHandler.java:38)\r\n\tat com.sun.proxy.$Proxy22.isDisplayed(Unknown Source)\r\n\tat POM.DealModulePOM.displayerror(DealModulePOM.java:624)\r\n\tat StepDefinition.InvalidCases.a_new_Deal_should_not_be_created(InvalidCases.java:99)\r\n\tat ✽.Then A new Deal should not be created(src/test/resources/Feature/InvalidCases.feature:23)\r\n",
              "status": "failed"
            },
            "line": 23,
            "name": "A new Deal should not be created",
            "match": {
              "location": "InvalidCases.a_new_Deal_should_not_be_created()"
            },
            "keyword": "Then "
          }
        ],
        "tags": [
          {
            "line": 20,
            "name": "@Invalid2"
          }
        ]
      },
      {
        "line": 4,
        "name": "User is logged in",
        "description": "",
        "type": "background",
        "keyword": "Background",
        "steps": [
          {
            "result": {
              "duration": 6986168500,
              "status": "passed"
            },
            "line": 5,
            "name": "User goes to the Login page",
            "match": {
              "location": "InvalidCases.user_goes_to_the_Login_page()"
            },
            "keyword": "Given "
          },
          {
            "result": {
              "duration": 7112213300,
              "status": "passed"
            },
            "line": 6,
            "name": "User enters email id and password",
            "match": {
              "location": "InvalidCases.user_enters_email_id_and_password()"
            },
            "keyword": "When "
          },
          {
            "result": {
              "duration": 13296869300,
              "status": "passed"
            },
            "line": 7,
            "name": "User should be logged in and go to the Deals section",
            "match": {
              "location": "InvalidCases.user_should_be_logged_in_and_go_to_the_Deals_section()"
            },
            "keyword": "Then "
          }
        ]
      },
      {
        "line": 28,
        "name": "Invalid data",
        "description": "",
        "id": "invalid-testscases;invalid-data;;3",
        "type": "scenario",
        "keyword": "Scenario Outline",
        "steps": [
          {
            "result": {
              "duration": 297069900,
              "status": "passed"
            },
            "line": 22,
            "name": "user fills invalid values in the Capg123$%^",
            "match": {
              "arguments": [
                {
                  "val": "Capg123$%^",
                  "offset": 33
                }
              ],
              "location": "InvalidCases.user_fills_invalid_values_in_the(String)"
            },
            "matchedColumns": [
              0
            ],
            "keyword": "When "
          },
          {
            "result": {
              "duration": 10057282800,
              "error_message": "org.openqa.selenium.NoSuchElementException: no such element: Unable to locate element: {\"method\":\"xpath\",\"selector\":\"//span[@class\u003d\u0027inline-error-msg\u0027]\"}\n  (Session info: chrome\u003d90.0.4430.93)\nFor documentation on this error, please visit: https://www.seleniumhq.org/exceptions/no_such_element.html\nBuild info: version: \u00273.141.59\u0027, revision: \u0027e82be7d358\u0027, time: \u00272018-11-14T08:25:53\u0027\nSystem info: host: \u0027MONIKA\u0027, ip: \u0027192.168.0.102\u0027, os.name: \u0027Windows 10\u0027, os.arch: \u0027amd64\u0027, os.version: \u002710.0\u0027, java.version: \u002715.0.2\u0027\nDriver info: org.openqa.selenium.chrome.ChromeDriver\nCapabilities {acceptInsecureCerts: false, browserName: chrome, browserVersion: 90.0.4430.93, chrome: {chromedriverVersion: 90.0.4430.24 (4c6d850f087da..., userDataDir: C:\\Users\\monik\\AppData\\Loca...}, goog:chromeOptions: {debuggerAddress: localhost:49456}, javascriptEnabled: true, networkConnectionEnabled: false, pageLoadStrategy: normal, platform: WINDOWS, platformName: WINDOWS, proxy: Proxy(), setWindowRect: true, strictFileInteractability: false, timeouts: {implicit: 0, pageLoad: 300000, script: 30000}, unhandledPromptBehavior: dismiss and notify, webauthn:extension:largeBlob: true, webauthn:virtualAuthenticators: true}\nSession ID: e2dce7bd468165ac785c0537040e33e7\n*** Element info: {Using\u003dxpath, value\u003d//span[@class\u003d\u0027inline-error-msg\u0027]}\r\n\tat java.base/jdk.internal.reflect.NativeConstructorAccessorImpl.newInstance0(Native Method)\r\n\tat java.base/jdk.internal.reflect.NativeConstructorAccessorImpl.newInstance(NativeConstructorAccessorImpl.java:64)\r\n\tat java.base/jdk.internal.reflect.DelegatingConstructorAccessorImpl.newInstance(DelegatingConstructorAccessorImpl.java:45)\r\n\tat java.base/java.lang.reflect.Constructor.newInstanceWithCaller(Constructor.java:500)\r\n\tat java.base/java.lang.reflect.Constructor.newInstance(Constructor.java:481)\r\n\tat org.openqa.selenium.remote.http.W3CHttpResponseCodec.createException(W3CHttpResponseCodec.java:187)\r\n\tat org.openqa.selenium.remote.http.W3CHttpResponseCodec.decode(W3CHttpResponseCodec.java:122)\r\n\tat org.openqa.selenium.remote.http.W3CHttpResponseCodec.decode(W3CHttpResponseCodec.java:49)\r\n\tat org.openqa.selenium.remote.HttpCommandExecutor.execute(HttpCommandExecutor.java:158)\r\n\tat org.openqa.selenium.remote.service.DriverCommandExecutor.execute(DriverCommandExecutor.java:83)\r\n\tat org.openqa.selenium.remote.RemoteWebDriver.execute(RemoteWebDriver.java:552)\r\n\tat org.openqa.selenium.remote.RemoteWebDriver.findElement(RemoteWebDriver.java:323)\r\n\tat org.openqa.selenium.remote.RemoteWebDriver.findElementByXPath(RemoteWebDriver.java:428)\r\n\tat org.openqa.selenium.By$ByXPath.findElement(By.java:353)\r\n\tat org.openqa.selenium.remote.RemoteWebDriver.findElement(RemoteWebDriver.java:315)\r\n\tat org.openqa.selenium.support.pagefactory.DefaultElementLocator.findElement(DefaultElementLocator.java:69)\r\n\tat org.openqa.selenium.support.pagefactory.internal.LocatingElementHandler.invoke(LocatingElementHandler.java:38)\r\n\tat com.sun.proxy.$Proxy22.isDisplayed(Unknown Source)\r\n\tat POM.DealModulePOM.displayerror(DealModulePOM.java:624)\r\n\tat StepDefinition.InvalidCases.a_new_Deal_should_not_be_created(InvalidCases.java:99)\r\n\tat ✽.Then A new Deal should not be created(src/test/resources/Feature/InvalidCases.feature:23)\r\n",
              "status": "failed"
            },
            "line": 23,
            "name": "A new Deal should not be created",
            "match": {
              "location": "InvalidCases.a_new_Deal_should_not_be_created()"
            },
            "keyword": "Then "
          }
        ],
        "tags": [
          {
            "line": 20,
            "name": "@Invalid2"
          }
        ]
      },
      {
        "line": 4,
        "name": "User is logged in",
        "description": "",
        "type": "background",
        "keyword": "Background",
        "steps": [
          {
            "result": {
              "duration": 7328754000,
              "status": "passed"
            },
            "line": 5,
            "name": "User goes to the Login page",
            "match": {
              "location": "InvalidCases.user_goes_to_the_Login_page()"
            },
            "keyword": "Given "
          },
          {
            "result": {
              "duration": 16507913300,
              "status": "passed"
            },
            "line": 6,
            "name": "User enters email id and password",
            "match": {
              "location": "InvalidCases.user_enters_email_id_and_password()"
            },
            "keyword": "When "
          },
          {
            "result": {
              "duration": 13327011000,
              "status": "passed"
            },
            "line": 7,
            "name": "User should be logged in and go to the Deals section",
            "match": {
              "location": "InvalidCases.user_should_be_logged_in_and_go_to_the_Deals_section()"
            },
            "keyword": "Then "
          }
        ]
      },
      {
        "line": 38,
        "name": "Invalid data",
        "description": "",
        "id": "invalid-testscases;invalid-data;;2",
        "type": "scenario",
        "keyword": "Scenario Outline",
        "steps": [
          {
            "result": {
              "duration": 300131700,
              "status": "passed"
            },
            "line": 33,
            "name": "user fills the invalid values in 1+2\u003d3",
            "match": {
              "arguments": [
                {
                  "val": "1+2\u003d3",
                  "offset": 33
                }
              ],
              "location": "InvalidCases.user_fills_the_invalid_values_in(String)"
            },
            "matchedColumns": [
              0
            ],
            "keyword": "When "
          },
          {
            "result": {
              "duration": 10044884600,
              "error_message": "org.openqa.selenium.NoSuchElementException: no such element: Unable to locate element: {\"method\":\"xpath\",\"selector\":\"//span[@class\u003d\u0027inline-error-msg\u0027]\"}\n  (Session info: chrome\u003d90.0.4430.93)\nFor documentation on this error, please visit: https://www.seleniumhq.org/exceptions/no_such_element.html\nBuild info: version: \u00273.141.59\u0027, revision: \u0027e82be7d358\u0027, time: \u00272018-11-14T08:25:53\u0027\nSystem info: host: \u0027MONIKA\u0027, ip: \u0027192.168.0.102\u0027, os.name: \u0027Windows 10\u0027, os.arch: \u0027amd64\u0027, os.version: \u002710.0\u0027, java.version: \u002715.0.2\u0027\nDriver info: org.openqa.selenium.chrome.ChromeDriver\nCapabilities {acceptInsecureCerts: false, browserName: chrome, browserVersion: 90.0.4430.93, chrome: {chromedriverVersion: 90.0.4430.24 (4c6d850f087da..., userDataDir: C:\\Users\\monik\\AppData\\Loca...}, goog:chromeOptions: {debuggerAddress: localhost:49494}, javascriptEnabled: true, networkConnectionEnabled: false, pageLoadStrategy: normal, platform: WINDOWS, platformName: WINDOWS, proxy: Proxy(), setWindowRect: true, strictFileInteractability: false, timeouts: {implicit: 0, pageLoad: 300000, script: 30000}, unhandledPromptBehavior: dismiss and notify, webauthn:extension:largeBlob: true, webauthn:virtualAuthenticators: true}\nSession ID: ace97928128cf3af90fe3c2fe39f75c7\n*** Element info: {Using\u003dxpath, value\u003d//span[@class\u003d\u0027inline-error-msg\u0027]}\r\n\tat java.base/jdk.internal.reflect.NativeConstructorAccessorImpl.newInstance0(Native Method)\r\n\tat java.base/jdk.internal.reflect.NativeConstructorAccessorImpl.newInstance(NativeConstructorAccessorImpl.java:64)\r\n\tat java.base/jdk.internal.reflect.DelegatingConstructorAccessorImpl.newInstance(DelegatingConstructorAccessorImpl.java:45)\r\n\tat java.base/java.lang.reflect.Constructor.newInstanceWithCaller(Constructor.java:500)\r\n\tat java.base/java.lang.reflect.Constructor.newInstance(Constructor.java:481)\r\n\tat org.openqa.selenium.remote.http.W3CHttpResponseCodec.createException(W3CHttpResponseCodec.java:187)\r\n\tat org.openqa.selenium.remote.http.W3CHttpResponseCodec.decode(W3CHttpResponseCodec.java:122)\r\n\tat org.openqa.selenium.remote.http.W3CHttpResponseCodec.decode(W3CHttpResponseCodec.java:49)\r\n\tat org.openqa.selenium.remote.HttpCommandExecutor.execute(HttpCommandExecutor.java:158)\r\n\tat org.openqa.selenium.remote.service.DriverCommandExecutor.execute(DriverCommandExecutor.java:83)\r\n\tat org.openqa.selenium.remote.RemoteWebDriver.execute(RemoteWebDriver.java:552)\r\n\tat org.openqa.selenium.remote.RemoteWebDriver.findElement(RemoteWebDriver.java:323)\r\n\tat org.openqa.selenium.remote.RemoteWebDriver.findElementByXPath(RemoteWebDriver.java:428)\r\n\tat org.openqa.selenium.By$ByXPath.findElement(By.java:353)\r\n\tat org.openqa.selenium.remote.RemoteWebDriver.findElement(RemoteWebDriver.java:315)\r\n\tat org.openqa.selenium.support.pagefactory.DefaultElementLocator.findElement(DefaultElementLocator.java:69)\r\n\tat org.openqa.selenium.support.pagefactory.internal.LocatingElementHandler.invoke(LocatingElementHandler.java:38)\r\n\tat com.sun.proxy.$Proxy22.isDisplayed(Unknown Source)\r\n\tat POM.DealModulePOM.displayerror(DealModulePOM.java:624)\r\n\tat StepDefinition.InvalidCases.no_new_deal_should_be_created(InvalidCases.java:119)\r\n\tat ✽.Then No new deal should be created(src/test/resources/Feature/InvalidCases.feature:34)\r\n",
              "status": "failed"
            },
            "line": 34,
            "name": "No new deal should be created",
            "match": {
              "location": "InvalidCases.no_new_deal_should_be_created()"
            },
            "keyword": "Then "
          }
        ],
        "tags": [
          {
            "line": 31,
            "name": "@Invalid3"
          }
        ]
      },
      {
        "line": 4,
        "name": "User is logged in",
        "description": "",
        "type": "background",
        "keyword": "Background",
        "steps": [
          {
            "result": {
              "duration": 7571775500,
              "status": "passed"
            },
            "line": 5,
            "name": "User goes to the Login page",
            "match": {
              "location": "InvalidCases.user_goes_to_the_Login_page()"
            },
            "keyword": "Given "
          },
          {
            "result": {
              "duration": 19194095600,
              "status": "passed"
            },
            "line": 6,
            "name": "User enters email id and password",
            "match": {
              "location": "InvalidCases.user_enters_email_id_and_password()"
            },
            "keyword": "When "
          },
          {
            "result": {
              "duration": 13324577200,
              "status": "passed"
            },
            "line": 7,
            "name": "User should be logged in and go to the Deals section",
            "match": {
              "location": "InvalidCases.user_should_be_logged_in_and_go_to_the_Deals_section()"
            },
            "keyword": "Then "
          }
        ]
      },
      {
        "line": 39,
        "name": "Invalid data",
        "description": "",
        "id": "invalid-testscases;invalid-data;;3",
        "type": "scenario",
        "keyword": "Scenario Outline",
        "steps": [
          {
            "result": {
              "duration": 290232700,
              "status": "passed"
            },
            "line": 33,
            "name": "user fills the invalid values in -abc123",
            "match": {
              "arguments": [
                {
                  "val": "-abc123",
                  "offset": 33
                }
              ],
              "location": "InvalidCases.user_fills_the_invalid_values_in(String)"
            },
            "matchedColumns": [
              0
            ],
            "keyword": "When "
          },
          {
            "result": {
              "duration": 10026802000,
              "error_message": "org.openqa.selenium.NoSuchElementException: no such element: Unable to locate element: {\"method\":\"xpath\",\"selector\":\"//span[@class\u003d\u0027inline-error-msg\u0027]\"}\n  (Session info: chrome\u003d90.0.4430.93)\nFor documentation on this error, please visit: https://www.seleniumhq.org/exceptions/no_such_element.html\nBuild info: version: \u00273.141.59\u0027, revision: \u0027e82be7d358\u0027, time: \u00272018-11-14T08:25:53\u0027\nSystem info: host: \u0027MONIKA\u0027, ip: \u0027192.168.0.102\u0027, os.name: \u0027Windows 10\u0027, os.arch: \u0027amd64\u0027, os.version: \u002710.0\u0027, java.version: \u002715.0.2\u0027\nDriver info: org.openqa.selenium.chrome.ChromeDriver\nCapabilities {acceptInsecureCerts: false, browserName: chrome, browserVersion: 90.0.4430.93, chrome: {chromedriverVersion: 90.0.4430.24 (4c6d850f087da..., userDataDir: C:\\Users\\monik\\AppData\\Loca...}, goog:chromeOptions: {debuggerAddress: localhost:49533}, javascriptEnabled: true, networkConnectionEnabled: false, pageLoadStrategy: normal, platform: WINDOWS, platformName: WINDOWS, proxy: Proxy(), setWindowRect: true, strictFileInteractability: false, timeouts: {implicit: 0, pageLoad: 300000, script: 30000}, unhandledPromptBehavior: dismiss and notify, webauthn:extension:largeBlob: true, webauthn:virtualAuthenticators: true}\nSession ID: f0091a87f4132ad8580129fb54e86e2b\n*** Element info: {Using\u003dxpath, value\u003d//span[@class\u003d\u0027inline-error-msg\u0027]}\r\n\tat java.base/jdk.internal.reflect.NativeConstructorAccessorImpl.newInstance0(Native Method)\r\n\tat java.base/jdk.internal.reflect.NativeConstructorAccessorImpl.newInstance(NativeConstructorAccessorImpl.java:64)\r\n\tat java.base/jdk.internal.reflect.DelegatingConstructorAccessorImpl.newInstance(DelegatingConstructorAccessorImpl.java:45)\r\n\tat java.base/java.lang.reflect.Constructor.newInstanceWithCaller(Constructor.java:500)\r\n\tat java.base/java.lang.reflect.Constructor.newInstance(Constructor.java:481)\r\n\tat org.openqa.selenium.remote.http.W3CHttpResponseCodec.createException(W3CHttpResponseCodec.java:187)\r\n\tat org.openqa.selenium.remote.http.W3CHttpResponseCodec.decode(W3CHttpResponseCodec.java:122)\r\n\tat org.openqa.selenium.remote.http.W3CHttpResponseCodec.decode(W3CHttpResponseCodec.java:49)\r\n\tat org.openqa.selenium.remote.HttpCommandExecutor.execute(HttpCommandExecutor.java:158)\r\n\tat org.openqa.selenium.remote.service.DriverCommandExecutor.execute(DriverCommandExecutor.java:83)\r\n\tat org.openqa.selenium.remote.RemoteWebDriver.execute(RemoteWebDriver.java:552)\r\n\tat org.openqa.selenium.remote.RemoteWebDriver.findElement(RemoteWebDriver.java:323)\r\n\tat org.openqa.selenium.remote.RemoteWebDriver.findElementByXPath(RemoteWebDriver.java:428)\r\n\tat org.openqa.selenium.By$ByXPath.findElement(By.java:353)\r\n\tat org.openqa.selenium.remote.RemoteWebDriver.findElement(RemoteWebDriver.java:315)\r\n\tat org.openqa.selenium.support.pagefactory.DefaultElementLocator.findElement(DefaultElementLocator.java:69)\r\n\tat org.openqa.selenium.support.pagefactory.internal.LocatingElementHandler.invoke(LocatingElementHandler.java:38)\r\n\tat com.sun.proxy.$Proxy22.isDisplayed(Unknown Source)\r\n\tat POM.DealModulePOM.displayerror(DealModulePOM.java:624)\r\n\tat StepDefinition.InvalidCases.no_new_deal_should_be_created(InvalidCases.java:119)\r\n\tat ✽.Then No new deal should be created(src/test/resources/Feature/InvalidCases.feature:34)\r\n",
              "status": "failed"
            },
            "line": 34,
            "name": "No new deal should be created",
            "match": {
              "location": "InvalidCases.no_new_deal_should_be_created()"
            },
            "keyword": "Then "
          }
        ],
        "tags": [
          {
            "line": 31,
            "name": "@Invalid3"
          }
        ]
      }
    ],
    "name": "Invalid testscases",
    "description": "Description: Testing invalid functionality",
    "id": "invalid-testscases",
    "keyword": "Feature",
    "uri": "src/test/resources/Feature/InvalidCases.feature"
  }
]