<?xml version="1.0" encoding="UTF-8"?>
<testng-results ignored="0" total="1" passed="1" failed="0" skipped="0">
  <reporter-output>
  </reporter-output>
  <suite started-at="2021-05-02T20:04:16Z" name="Default suite" finished-at="2021-05-02T20:04:25Z" duration-ms="8543">
    <groups>
    </groups>
    <test started-at="2021-05-02T20:04:16Z" name="Default test" finished-at="2021-05-02T20:04:25Z" duration-ms="8543">
      <class name="StepDefinition.ValidateLogin">
        <test-method signature="testLogin()[pri:0, instance:StepDefinition.ValidateLogin@327b636c]" started-at="2021-05-02T20:04:16Z" name="testLogin" finished-at="2021-05-02T20:04:25Z" duration-ms="8519" status="PASS">
          <reporter-output>
          </reporter-output>
        </test-method> <!-- testLogin -->
      </class> <!-- StepDefinition.ValidateLogin -->
    </test> <!-- Default test -->
  </suite> <!-- Default suite -->
</testng-results>
