<?xml version="1.0" encoding="UTF-8"?>
<testng-results ignored="0" total="1" passed="1" failed="0" skipped="0">
  <reporter-output>
  </reporter-output>
  <suite started-at="2021-05-04T05:22:38Z" name="Default suite" finished-at="2021-05-04T05:23:16Z" duration-ms="37372">
    <groups>
    </groups>
    <test started-at="2021-05-04T05:22:38Z" name="Default test" finished-at="2021-05-04T05:23:16Z" duration-ms="37372">
      <class name="StepDefinition.Testing">
        <test-method signature="testLogin()[pri:0, instance:StepDefinition.Testing@327b636c]" started-at="2021-05-04T05:22:38Z" name="testLogin" finished-at="2021-05-04T05:23:16Z" duration-ms="37354" status="PASS">
          <reporter-output>
          </reporter-output>
        </test-method> <!-- testLogin -->
      </class> <!-- StepDefinition.Testing -->
    </test> <!-- Default test -->
  </suite> <!-- Default suite -->
</testng-results>
